This is pdfTeX, Version 3.141592653-2.6-1.40.22 (TeX Live 2022/dev/Debian) (preloaded format=latex 2024.8.31)  31 AUG 2024 13:38
entering extended mode
 restricted \write18 enabled.
 %&-line parsing enabled.
**box_8h.tex
(./box_8h.tex
LaTeX2e <2021-11-15> patch level 1
L3 programming layer <2022-01-21>
! Undefined control sequence.
l.1 \hypertarget
                {box_8h}{}\doxysection{include/box.h File Reference}
? 

! LaTeX Error: Missing \begin{document}.

See the LaTeX manual or LaTeX Companion for explanation.
Type  H <return>  for immediate help.
 ...                                              
                                                  
l.1 \hypertarget{b
                  ox_8h}{}\doxysection{include/box.h File Reference}
? 
Missing character: There is no b in font nullfont!
Missing character: There is no o in font nullfont!
Missing character: There is no x in font nullfont!
! Missing $ inserted.
<inserted text> 
                $
l.1 \hypertarget{box_
                     8h}{}\doxysection{include/box.h File Reference}
? 
LaTeX Font Info:    External font `cmex10' loaded for size
(Font)              <7> on input line 1.
LaTeX Font Info:    External font `cmex10' loaded for size
(Font)              <5> on input line 1.
! Extra }, or forgotten $.
l.1 \hypertarget{box_8h}
                        {}\doxysection{include/box.h File Reference}
? 
! Undefined control sequence.
l.1 \hypertarget{box_8h}{}\doxysection
                                      {include/box.h File Reference}
? 
! Missing $ inserted.
<inserted text> 
                $
l.3 
    
? 

Overfull \hbox (157.67075pt too wide) in paragraph at lines 1--3
[]$[]\OML/cmm/m/it/10 h[][][]$ 
 []


! LaTeX Error: Missing \begin{document}.

See the LaTeX manual or LaTeX Companion for explanation.
Type  H <return>  for immediate help.
 ...                                              
                                                  
l.5 A
     loo Box functions.
? 
Missing character: There is no A in font nullfont!
Missing character: There is no l in font nullfont!
Missing character: There is no o in font nullfont!
Missing character: There is no o in font nullfont!
Missing character: There is no B in font nullfont!
Missing character: There is no o in font nullfont!
Missing character: There is no x in font nullfont!
Missing character: There is no f in font nullfont!
Missing character: There is no u in font nullfont!
Missing character: There is no n in font nullfont!
Missing character: There is no c in font nullfont!
Missing character: There is no t in font nullfont!
Missing character: There is no i in font nullfont!
Missing character: There is no o in font nullfont!
Missing character: There is no n in font nullfont!
Missing character: There is no s in font nullfont!
Missing character: There is no . in font nullfont!

Overfull \hbox (20.0pt too wide) in paragraph at lines 5--6
[]
 []


! LaTeX Error: Missing \begin{document}.

See the LaTeX manual or LaTeX Companion for explanation.
Type  H <return>  for immediate help.
 ...                                              
                                                  
l.8 {\ttfamily \#
                 include \char`\"{}types.\+h\char`\"{}}\newline
? 
! Undefined control sequence.
l.8 {\ttfamily \#include \char`\"{}types.\+
                                           h\char`\"{}}\newline
? 
! Undefined control sequence.
l.9 {\ttfamily \#include $<$gtk/gtk.\+
                                      h$>$}\newline
? 
Missing character: There is no I in font nullfont!
Missing character: There is no n in font nullfont!
Missing character: There is no c in font nullfont!
Missing character: There is no l in font nullfont!
Missing character: There is no u in font nullfont!
Missing character: There is no d in font nullfont!
Missing character: There is no e in font nullfont!
Missing character: There is no d in font nullfont!
Missing character: There is no e in font nullfont!
Missing character: There is no p in font nullfont!
Missing character: There is no e in font nullfont!
Missing character: There is no n in font nullfont!
Missing character: There is no d in font nullfont!
Missing character: There is no e in font nullfont!
Missing character: There is no n in font nullfont!
Missing character: There is no c in font nullfont!
Missing character: There is no y in font nullfont!
Missing character: There is no g in font nullfont!
Missing character: There is no r in font nullfont!
Missing character: There is no a in font nullfont!
Missing character: There is no p in font nullfont!
Missing character: There is no h in font nullfont!
Missing character: There is no f in font nullfont!
Missing character: There is no o in font nullfont!
Missing character: There is no r in font nullfont!
Missing character: There is no b in font nullfont!
Missing character: There is no o in font nullfont!
Missing character: There is no x in font nullfont!
Missing character: There is no . in font nullfont!
! Undefined control sequence.
l.10 Include dependency graph for box.\+
                                        h\+:
? 
Missing character: There is no h in font nullfont!
! Undefined control sequence.
l.10 Include dependency graph for box.\+h\+
                                           :
? 
Missing character: There is no : in font nullfont!
Missing character: There is no T in font nullfont!
Missing character: There is no h in font nullfont!
Missing character: There is no i in font nullfont!
Missing character: There is no s in font nullfont!
Missing character: There is no g in font nullfont!
Missing character: There is no r in font nullfont!
Missing character: There is no a in font nullfont!
Missing character: There is no p in font nullfont!
Missing character: There is no h in font nullfont!
Missing character: There is no s in font nullfont!
Missing character: There is no h in font nullfont!
Missing character: There is no o in font nullfont!
Missing character: There is no w in font nullfont!
Missing character: There is no s in font nullfont!
Missing character: There is no w in font nullfont!
Missing character: There is no h in font nullfont!
Missing character: There is no i in font nullfont!
Missing character: There is no c in font nullfont!
Missing character: There is no h in font nullfont!
Missing character: There is no f in font nullfont!
Missing character: There is no i in font nullfont!
Missing character: There is no l in font nullfont!
Missing character: There is no e in font nullfont!
Missing character: There is no s in font nullfont!
Missing character: There is no d in font nullfont!
Missing character: There is no i in font nullfont!
Missing character: There is no r in font nullfont!
Missing character: There is no e in font nullfont!
Missing character: There is no c in font nullfont!
Missing character: There is no t in font nullfont!
Missing character: There is no l in font nullfont!
Missing character: There is no y in font nullfont!
Missing character: There is no o in font nullfont!
Missing character: There is no r in font nullfont!
Missing character: There is no i in font nullfont!
Missing character: There is no n in font nullfont!
Missing character: There is no d in font nullfont!
Missing character: There is no i in font nullfont!
Missing character: There is no r in font nullfont!
Missing character: There is no e in font nullfont!
Missing character: There is no c in font nullfont!
Missing character: There is no t in font nullfont!
Missing character: There is no l in font nullfont!
Missing character: There is no y in font nullfont!
Missing character: There is no i in font nullfont!
Missing character: There is no n in font nullfont!
Missing character: There is no c in font nullfont!
Missing character: There is no l in font nullfont!
Missing character: There is no u in font nullfont!
Missing character: There is no d in font nullfont!
Missing character: There is no e in font nullfont!
Missing character: There is no t in font nullfont!
Missing character: There is no h in font nullfont!
Missing character: There is no i in font nullfont!
Missing character: There is no s in font nullfont!
Missing character: There is no f in font nullfont!
Missing character: There is no i in font nullfont!
Missing character: There is no l in font nullfont!
Missing character: There is no e in font nullfont!
! Undefined control sequence.
l.12 ...directly or indirectly include this file\+
                                                  :
? 
Missing character: There is no : in font nullfont!
! Undefined control sequence.
l.14 \doxysubsection
                    *{Classes}
? 
Missing character: There is no * in font nullfont!
Missing character: There is no C in font nullfont!
Missing character: There is no l in font nullfont!
Missing character: There is no a in font nullfont!
Missing character: There is no s in font nullfont!
Missing character: There is no s in font nullfont!
Missing character: There is no e in font nullfont!
Missing character: There is no s in font nullfont!

! LaTeX Error: Environment DoxyCompactItemize undefined.

See the LaTeX manual or LaTeX Companion for explanation.
Type  H <return>  for immediate help.
 ...                                              
                                                  
l.15 \begin{DoxyCompactItemize}
                               
? 

Overfull \hbox (61.99963pt too wide) in paragraph at lines 8--17
[]\OT1/cmtt/m/n/10 #include
 []


Overfull \hbox (47.24959pt too wide) in paragraph at lines 8--17
\OT1/cmtt/m/n/10 "types.h" 
 []


Overfull \hbox (41.99963pt too wide) in paragraph at lines 8--17
\OT1/cmtt/m/n/10 #include
 []


Overfull \hbox (62.80519pt too wide) in paragraph at lines 8--17
\OML/cmm/m/it/10 <$\OT1/cmtt/m/n/10 gtk/gtk.h$\OML/cmm/m/it/10 >$ 
 []


! LaTeX Error: Lonely \item--perhaps a missing list environment.

See the LaTeX manual or LaTeX Companion for explanation.
Type  H <return>  for immediate help.
 ...                                              
                                                  
l.17 s
      truct \mbox{\hyperlink{struct__alooBox}{\+\_\+aloo\+Box}}
? 
Missing character: There is no s in font nullfont!
Missing character: There is no t in font nullfont!
Missing character: There is no r in font nullfont!
Missing character: There is no u in font nullfont!
Missing character: There is no c in font nullfont!
Missing character: There is no t in font nullfont!
! Undefined control sequence.
<argument> \hyperlink 
                      {struct__alooBox}{\+\_\+aloo\+Box}
l.17 ...perlink{struct__alooBox}{\+\_\+aloo\+Box}}
                                                  
? 
Missing character: There is no s in font nullfont!
Missing character: There is no t in font nullfont!
Missing character: There is no r in font nullfont!
Missing character: There is no u in font nullfont!
Missing character: There is no c in font nullfont!
Missing character: There is no t in font nullfont!
! Missing $ inserted.
<inserted text> 
                $
l.17 ...perlink{struct__alooBox}{\+\_\+aloo\+Box}}
                                                  
? 
! Missing { inserted.
<to be read again> 
                   _
l.17 ...perlink{struct__alooBox}{\+\_\+aloo\+Box}}
                                                  
? 
! Undefined control sequence.
<argument> \hyperlink {struct__alooBox}{\+
                                          \_\+aloo\+Box}
l.17 ...perlink{struct__alooBox}{\+\_\+aloo\+Box}}
                                                  
? 
! Undefined control sequence.
<argument> \hyperlink {struct__alooBox}{\+\_\+
                                              aloo\+Box}
l.17 ...perlink{struct__alooBox}{\+\_\+aloo\+Box}}
                                                  
? 
! Undefined control sequence.
<argument> ...rlink {struct__alooBox}{\+\_\+aloo\+
                                                  Box}
l.17 ...perlink{struct__alooBox}{\+\_\+aloo\+Box}}
                                                  
? 
! Extra }, or forgotten $.
\mbox  #1->\leavevmode \hbox {#1}
                                 
l.17 ...perlink{struct__alooBox}{\+\_\+aloo\+Box}}
                                                  
? 

! LaTeX Error: \begin{document} ended by \end{DoxyCompactItemize}.

See the LaTeX manual or LaTeX Companion for explanation.
Type  H <return>  for immediate help.
 ...                                              
                                                  
l.18 \end{DoxyCompactItemize}
                             
? 
! Missing $ inserted.
<inserted text> 
                $
l.18 \end{DoxyCompactItemize}
                             
? 
! Missing } inserted.
<inserted text> 
                }
l.18 \end{DoxyCompactItemize}
                             
? 
! Missing } inserted.
<inserted text> 
                }
l.18 \end{DoxyCompactItemize}
                             
? 
! Undefined control sequence.
l.19 \doxysubsection
                    *{Typedefs}
? 
Missing character: There is no * in font nullfont!
Missing character: There is no T in font nullfont!
Missing character: There is no y in font nullfont!
Missing character: There is no p in font nullfont!
Missing character: There is no e in font nullfont!
Missing character: There is no d in font nullfont!
Missing character: There is no e in font nullfont!
Missing character: There is no f in font nullfont!
Missing character: There is no s in font nullfont!

! LaTeX Error: Environment DoxyCompactItemize undefined.

See the LaTeX manual or LaTeX Companion for explanation.
Type  H <return>  for immediate help.
 ...                                              
                                                  
l.20 \begin{DoxyCompactItemize}
                               
? 

Overfull \hbox (67.01122pt too wide) in paragraph at lines 17--22
[] 
 []


! LaTeX Error: Lonely \item--perhaps a missing list environment.

See the LaTeX manual or LaTeX Companion for explanation.
Type  H <return>  for immediate help.
 ...                                              
                                                  
l.22 t
      ypedef \mbox{\hyperlink{structalooWidget}{aloo\+Widget}} $\ast$($\ast$...

? 
Missing character: There is no t in font nullfont!
Missing character: There is no y in font nullfont!
Missing character: There is no p in font nullfont!
Missing character: There is no e in font nullfont!
Missing character: There is no d in font nullfont!
Missing character: There is no e in font nullfont!
Missing character: There is no f in font nullfont!
! Undefined control sequence.
<argument> \hyperlink 
                      {structalooWidget}{aloo\+Widget}
l.22 ...hyperlink{structalooWidget}{aloo\+Widget}}
                                                   $\ast$($\ast$ \mbox{\hype...

? 
Missing character: There is no s in font nullfont!
Missing character: There is no t in font nullfont!
Missing character: There is no r in font nullfont!
Missing character: There is no u in font nullfont!
Missing character: There is no c in font nullfont!
Missing character: There is no t in font nullfont!
Missing character: There is no a in font nullfont!
Missing character: There is no l in font nullfont!
Missing character: There is no o in font nullfont!
Missing character: There is no o in font nullfont!
Missing character: There is no W in font nullfont!
Missing character: There is no i in font nullfont!
Missing character: There is no d in font nullfont!
Missing character: There is no g in font nullfont!
Missing character: There is no e in font nullfont!
Missing character: There is no t in font nullfont!
Missing character: There is no a in font nullfont!
Missing character: There is no l in font nullfont!
Missing character: There is no o in font nullfont!
Missing character: There is no o in font nullfont!
! Undefined control sequence.
<argument> \hyperlink {structalooWidget}{aloo\+
                                               Widget}
l.22 ...hyperlink{structalooWidget}{aloo\+Widget}}
                                                   $\ast$($\ast$ \mbox{\hype...

? 
Missing character: There is no W in font nullfont!
Missing character: There is no i in font nullfont!
Missing character: There is no d in font nullfont!
Missing character: There is no g in font nullfont!
Missing character: There is no e in font nullfont!
Missing character: There is no t in font nullfont!
Missing character: There is no ( in font nullfont!
! Undefined control sequence.
<argument> \hyperlink 
                      {box_8h_a9dd89e7d1df8d65f247b945d5a3d861a}{\+\_\+\+\_\...
l.22 ...\_\+\+\_\+new\+\_\+aloo\+Box\+\_\+\+Type}}
                                                  ) (Gtk\+Orientation orient...

? q
OK, entering \batchmode...
Missing character: There is no b in font nullfont!
Missing character: There is no o in font nullfont!
Missing character: There is no x in font nullfont!
! Missing $ inserted.
<inserted text> 
                $
l.22 ...\_\+\+\_\+new\+\_\+aloo\+Box\+\_\+\+Type}}
                                                  ) (Gtk\+Orientation orient...
I've inserted a begin-math/end-math symbol since I think
you left one out. Proceed, with fingers crossed.

! Extra }, or forgotten $.
<argument> ...h_a9dd89e7d1df8d65f247b945d5a3d861a}
                                                  {\+\_\+\+\_\+new\+\_\+aloo...
l.22 ...\_\+\+\_\+new\+\_\+aloo\+Box\+\_\+\+Type}}
                                                  ) (Gtk\+Orientation orient...
I've deleted a group-closing symbol because it seems to be
spurious, as in `$x}$'. But perhaps the } is legitimate and
you forgot something else, as in `\hbox{$x}'. In such cases
the way to recover is to insert both the forgotten and the
deleted material, e.g., by typing `I$}'.

! Undefined control sequence.
<argument> ...9dd89e7d1df8d65f247b945d5a3d861a}{\+
                                                  \_\+\+\_\+new\+\_\+aloo\+B...
l.22 ...\_\+\+\_\+new\+\_\+aloo\+Box\+\_\+\+Type}}
                                                  ) (Gtk\+Orientation orient...
The control sequence at the end of the top line
of your error message was never \def'ed. If you have
misspelled it (e.g., `\hobx'), type `I' and the correct
spelling (e.g., `I\hbox'). Otherwise just continue,
and I'll forget about whatever was undefined.

! Undefined control sequence.
<argument> ...9e7d1df8d65f247b945d5a3d861a}{\+\_\+
                                                  \+\_\+new\+\_\+aloo\+Box\+...
l.22 ...\_\+\+\_\+new\+\_\+aloo\+Box\+\_\+\+Type}}
                                                  ) (Gtk\+Orientation orient...
The control sequence at the end of the top line
of your error message was never \def'ed. If you have
misspelled it (e.g., `\hobx'), type `I' and the correct
spelling (e.g., `I\hbox'). Otherwise just continue,
and I'll forget about whatever was undefined.

! Undefined control sequence.
<argument> ...7d1df8d65f247b945d5a3d861a}{\+\_\+\+
                                                  \_\+new\+\_\+aloo\+Box\+\_...
l.22 ...\_\+\+\_\+new\+\_\+aloo\+Box\+\_\+\+Type}}
                                                  ) (Gtk\+Orientation orient...
The control sequence at the end of the top line
of your error message was never \def'ed. If you have
misspelled it (e.g., `\hobx'), type `I' and the correct
spelling (e.g., `I\hbox'). Otherwise just continue,
and I'll forget about whatever was undefined.

! Undefined control sequence.
<argument> ...f8d65f247b945d5a3d861a}{\+\_\+\+\_\+
                                                  new\+\_\+aloo\+Box\+\_\+\+...
l.22 ...\_\+\+\_\+new\+\_\+aloo\+Box\+\_\+\+Type}}
                                                  ) (Gtk\+Orientation orient...
The control sequence at the end of the top line
of your error message was never \def'ed. If you have
misspelled it (e.g., `\hobx'), type `I' and the correct
spelling (e.g., `I\hbox'). Otherwise just continue,
and I'll forget about whatever was undefined.

! Undefined control sequence.
<argument> ...f247b945d5a3d861a}{\+\_\+\+\_\+new\+
                                                  \_\+aloo\+Box\+\_\+\+Type}
l.22 ...\_\+\+\_\+new\+\_\+aloo\+Box\+\_\+\+Type}}
                                                  ) (Gtk\+Orientation orient...
The control sequence at the end of the top line
of your error message was never \def'ed. If you have
misspelled it (e.g., `\hobx'), type `I' and the correct
spelling (e.g., `I\hbox'). Otherwise just continue,
and I'll forget about whatever was undefined.

! Undefined control sequence.
<argument> ...b945d5a3d861a}{\+\_\+\+\_\+new\+\_\+
                                                  aloo\+Box\+\_\+\+Type}
l.22 ...\_\+\+\_\+new\+\_\+aloo\+Box\+\_\+\+Type}}
                                                  ) (Gtk\+Orientation orient...
The control sequence at the end of the top line
of your error message was never \def'ed. If you have
misspelled it (e.g., `\hobx'), type `I' and the correct
spelling (e.g., `I\hbox'). Otherwise just continue,
and I'll forget about whatever was undefined.

! Undefined control sequence.
<argument> ...a3d861a}{\+\_\+\+\_\+new\+\_\+aloo\+
                                                  Box\+\_\+\+Type}
l.22 ...\_\+\+\_\+new\+\_\+aloo\+Box\+\_\+\+Type}}
                                                  ) (Gtk\+Orientation orient...
The control sequence at the end of the top line
of your error message was never \def'ed. If you have
misspelled it (e.g., `\hobx'), type `I' and the correct
spelling (e.g., `I\hbox'). Otherwise just continue,
and I'll forget about whatever was undefined.

! Undefined control sequence.
<argument> ...1a}{\+\_\+\+\_\+new\+\_\+aloo\+Box\+
                                                  \_\+\+Type}
l.22 ...\_\+\+\_\+new\+\_\+aloo\+Box\+\_\+\+Type}}
                                                  ) (Gtk\+Orientation orient...
The control sequence at the end of the top line
of your error message was never \def'ed. If you have
misspelled it (e.g., `\hobx'), type `I' and the correct
spelling (e.g., `I\hbox'). Otherwise just continue,
and I'll forget about whatever was undefined.

! Undefined control sequence.
<argument> ...\+\_\+\+\_\+new\+\_\+aloo\+Box\+\_\+
                                                  \+Type}
l.22 ...\_\+\+\_\+new\+\_\+aloo\+Box\+\_\+\+Type}}
                                                  ) (Gtk\+Orientation orient...
The control sequence at the end of the top line
of your error message was never \def'ed. If you have
misspelled it (e.g., `\hobx'), type `I' and the correct
spelling (e.g., `I\hbox'). Otherwise just continue,
and I'll forget about whatever was undefined.

! Undefined control sequence.
<argument> ...\_\+\+\_\+new\+\_\+aloo\+Box\+\_\+\+
                                                  Type}
l.22 ...\_\+\+\_\+new\+\_\+aloo\+Box\+\_\+\+Type}}
                                                  ) (Gtk\+Orientation orient...
The control sequence at the end of the top line
of your error message was never \def'ed. If you have
misspelled it (e.g., `\hobx'), type `I' and the correct
spelling (e.g., `I\hbox'). Otherwise just continue,
and I'll forget about whatever was undefined.

! Extra }, or forgotten $.
\mbox  #1->\leavevmode \hbox {#1}
                                 
l.22 ...\_\+\+\_\+new\+\_\+aloo\+Box\+\_\+\+Type}}
                                                  ) (Gtk\+Orientation orient...
I've deleted a group-closing symbol because it seems to be
spurious, as in `$x}$'. But perhaps the } is legitimate and
you forgot something else, as in `\hbox{$x}'. In such cases
the way to recover is to insert both the forgotten and the
deleted material, e.g., by typing `I$}'.

! Undefined control sequence.
l.22 ...\+new\+\_\+aloo\+Box\+\_\+\+Type}}) (Gtk\+
                                                  Orientation orientation, i...
The control sequence at the end of the top line
of your error message was never \def'ed. If you have
misspelled it (e.g., `\hobx'), type `I' and the correct
spelling (e.g., `I\hbox'). Otherwise just continue,
and I'll forget about whatever was undefined.


! LaTeX Error: Command \item invalid in math mode.

See the LaTeX manual or LaTeX Companion for explanation.
Type  H <return>  for immediate help.
 ...                                              
                                                  
l.23 \item
          
Try typing  <return>  to proceed.
If that doesn't work, type  X <return>  to quit.


! LaTeX Error: Something's wrong--perhaps a missing \item.

See the LaTeX manual or LaTeX Companion for explanation.
Type  H <return>  for immediate help.
 ...                                              
                                                  
l.24 t
      ypedef \mbox{\hyperlink{structalooWidget}{aloo\+Widget}} $\ast$($\ast$...

Try typing  <return>  to proceed.
If that doesn't work, type  X <return>  to quit.


! LaTeX Error: Something's wrong--perhaps a missing \item.

See the LaTeX manual or LaTeX Companion for explanation.
Type  H <return>  for immediate help.
 ...                                              
                                                  
l.24 t
      ypedef \mbox{\hyperlink{structalooWidget}{aloo\+Widget}} $\ast$($\ast$...

Try typing  <return>  to proceed.
If that doesn't work, type  X <return>  to quit.


! LaTeX Error: Lonely \item--perhaps a missing list environment.

See the LaTeX manual or LaTeX Companion for explanation.
Type  H <return>  for immediate help.
 ...                                              
                                                  
l.24 t
      ypedef \mbox{\hyperlink{structalooWidget}{aloo\+Widget}} $\ast$($\ast$...

Try typing  <return>  to proceed.
If that doesn't work, type  X <return>  to quit.

! Undefined control sequence.
<argument> \hyperlink 
                      {structalooWidget}{aloo\+Widget}
l.24 ...hyperlink{structalooWidget}{aloo\+Widget}}
                                                   $\ast$($\ast$ \mbox{\hype...
The control sequence at the end of the top line
of your error message was never \def'ed. If you have
misspelled it (e.g., `\hobx'), type `I' and the correct
spelling (e.g., `I\hbox'). Otherwise just continue,
and I'll forget about whatever was undefined.

Missing character: There is no s in font nullfont!
Missing character: There is no t in font nullfont!
Missing character: There is no r in font nullfont!
Missing character: There is no u in font nullfont!
Missing character: There is no c in font nullfont!
Missing character: There is no t in font nullfont!
Missing character: There is no a in font nullfont!
Missing character: There is no l in font nullfont!
Missing character: There is no o in font nullfont!
Missing character: There is no o in font nullfont!
Missing character: There is no W in font nullfont!
Missing character: There is no i in font nullfont!
Missing character: There is no d in font nullfont!
Missing character: There is no g in font nullfont!
Missing character: There is no e in font nullfont!
Missing character: There is no t in font nullfont!
Missing character: There is no a in font nullfont!
Missing character: There is no l in font nullfont!
Missing character: There is no o in font nullfont!
Missing character: There is no o in font nullfont!
! Undefined control sequence.
<argument> \hyperlink {structalooWidget}{aloo\+
                                               Widget}
l.24 ...hyperlink{structalooWidget}{aloo\+Widget}}
                                                   $\ast$($\ast$ \mbox{\hype...
The control sequence at the end of the top line
of your error message was never \def'ed. If you have
misspelled it (e.g., `\hobx'), type `I' and the correct
spelling (e.g., `I\hbox'). Otherwise just continue,
and I'll forget about whatever was undefined.

Missing character: There is no W in font nullfont!
Missing character: There is no i in font nullfont!
Missing character: There is no d in font nullfont!
Missing character: There is no g in font nullfont!
Missing character: There is no e in font nullfont!
Missing character: There is no t in font nullfont!
! Missing $ inserted.
<inserted text> 
                $
l.24 ...ink{structalooWidget}{aloo\+Widget}} $\ast
                                                  $($\ast$ \mbox{\hyperlink{...
I've inserted a begin-math/end-math symbol since I think
you left one out. Proceed, with fingers crossed.

Missing character: There is no ( in font nullfont!
! Undefined control sequence.
<argument> \hyperlink 
                      {box_8h_a375e194da5961d07e659b31d596d3254}{\+\_\+\+\_\...
l.24 ...+\+\_\+set\+Box\+Orientation\+\_\+\+Type}}
                                                  ) (\mbox{\hyperlink{struct...
The control sequence at the end of the top line
of your error message was never \def'ed. If you have
misspelled it (e.g., `\hobx'), type `I' and the correct
spelling (e.g., `I\hbox'). Otherwise just continue,
and I'll forget about whatever was undefined.

Missing character: There is no b in font nullfont!
Missing character: There is no o in font nullfont!
Missing character: There is no x in font nullfont!
! Missing $ inserted.
<inserted text> 
                $
l.24 ...+\+\_\+set\+Box\+Orientation\+\_\+\+Type}}
                                                  ) (\mbox{\hyperlink{struct...
I've inserted a begin-math/end-math symbol since I think
you left one out. Proceed, with fingers crossed.

! Extra }, or forgotten $.
<argument> ...h_a375e194da5961d07e659b31d596d3254}
                                                  {\+\_\+\+\_\+set\+Box\+Ori...
l.24 ...+\+\_\+set\+Box\+Orientation\+\_\+\+Type}}
                                                  ) (\mbox{\hyperlink{struct...
I've deleted a group-closing symbol because it seems to be
spurious, as in `$x}$'. But perhaps the } is legitimate and
you forgot something else, as in `\hbox{$x}'. In such cases
the way to recover is to insert both the forgotten and the
deleted material, e.g., by typing `I$}'.

! Undefined control sequence.
<argument> ...375e194da5961d07e659b31d596d3254}{\+
                                                  \_\+\+\_\+set\+Box\+Orient...
l.24 ...+\+\_\+set\+Box\+Orientation\+\_\+\+Type}}
                                                  ) (\mbox{\hyperlink{struct...
The control sequence at the end of the top line
of your error message was never \def'ed. If you have
misspelled it (e.g., `\hobx'), type `I' and the correct
spelling (e.g., `I\hbox'). Otherwise just continue,
and I'll forget about whatever was undefined.

! Undefined control sequence.
<argument> ...194da5961d07e659b31d596d3254}{\+\_\+
                                                  \+\_\+set\+Box\+Orientatio...
l.24 ...+\+\_\+set\+Box\+Orientation\+\_\+\+Type}}
                                                  ) (\mbox{\hyperlink{struct...
The control sequence at the end of the top line
of your error message was never \def'ed. If you have
misspelled it (e.g., `\hobx'), type `I' and the correct
spelling (e.g., `I\hbox'). Otherwise just continue,
and I'll forget about whatever was undefined.

! Undefined control sequence.
<argument> ...4da5961d07e659b31d596d3254}{\+\_\+\+
                                                  \_\+set\+Box\+Orientation\...
l.24 ...+\+\_\+set\+Box\+Orientation\+\_\+\+Type}}
                                                  ) (\mbox{\hyperlink{struct...
The control sequence at the end of the top line
of your error message was never \def'ed. If you have
misspelled it (e.g., `\hobx'), type `I' and the correct
spelling (e.g., `I\hbox'). Otherwise just continue,
and I'll forget about whatever was undefined.

! Undefined control sequence.
<argument> ...961d07e659b31d596d3254}{\+\_\+\+\_\+
                                                  set\+Box\+Orientation\+\_\...
l.24 ...+\+\_\+set\+Box\+Orientation\+\_\+\+Type}}
                                                  ) (\mbox{\hyperlink{struct...
The control sequence at the end of the top line
of your error message was never \def'ed. If you have
misspelled it (e.g., `\hobx'), type `I' and the correct
spelling (e.g., `I\hbox'). Otherwise just continue,
and I'll forget about whatever was undefined.

! Undefined control sequence.
<argument> ...7e659b31d596d3254}{\+\_\+\+\_\+set\+
                                                  Box\+Orientation\+\_\+\+Type}
l.24 ...+\+\_\+set\+Box\+Orientation\+\_\+\+Type}}
                                                  ) (\mbox{\hyperlink{struct...
The control sequence at the end of the top line
of your error message was never \def'ed. If you have
misspelled it (e.g., `\hobx'), type `I' and the correct
spelling (e.g., `I\hbox'). Otherwise just continue,
and I'll forget about whatever was undefined.

! Undefined control sequence.
<argument> ...b31d596d3254}{\+\_\+\+\_\+set\+Box\+
                                                  Orientation\+\_\+\+Type}
l.24 ...+\+\_\+set\+Box\+Orientation\+\_\+\+Type}}
                                                  ) (\mbox{\hyperlink{struct...
The control sequence at the end of the top line
of your error message was never \def'ed. If you have
misspelled it (e.g., `\hobx'), type `I' and the correct
spelling (e.g., `I\hbox'). Otherwise just continue,
and I'll forget about whatever was undefined.

! Undefined control sequence.
<argument> ...{\+\_\+\+\_\+set\+Box\+Orientation\+
                                                  \_\+\+Type}
l.24 ...+\+\_\+set\+Box\+Orientation\+\_\+\+Type}}
                                                  ) (\mbox{\hyperlink{struct...
The control sequence at the end of the top line
of your error message was never \def'ed. If you have
misspelled it (e.g., `\hobx'), type `I' and the correct
spelling (e.g., `I\hbox'). Otherwise just continue,
and I'll forget about whatever was undefined.

! Undefined control sequence.
<argument> ..._\+\+\_\+set\+Box\+Orientation\+\_\+
                                                  \+Type}
l.24 ...+\+\_\+set\+Box\+Orientation\+\_\+\+Type}}
                                                  ) (\mbox{\hyperlink{struct...
The control sequence at the end of the top line
of your error message was never \def'ed. If you have
misspelled it (e.g., `\hobx'), type `I' and the correct
spelling (e.g., `I\hbox'). Otherwise just continue,
and I'll forget about whatever was undefined.

! Undefined control sequence.
<argument> ...+\+\_\+set\+Box\+Orientation\+\_\+\+
                                                  Type}
l.24 ...+\+\_\+set\+Box\+Orientation\+\_\+\+Type}}
                                                  ) (\mbox{\hyperlink{struct...
The control sequence at the end of the top line
of your error message was never \def'ed. If you have
misspelled it (e.g., `\hobx'), type `I' and the correct
spelling (e.g., `I\hbox'). Otherwise just continue,
and I'll forget about whatever was undefined.

! Extra }, or forgotten $.
\mbox  #1->\leavevmode \hbox {#1}
                                 
l.24 ...+\+\_\+set\+Box\+Orientation\+\_\+\+Type}}
                                                  ) (\mbox{\hyperlink{struct...
I've deleted a group-closing symbol because it seems to be
spurious, as in `$x}$'. But perhaps the } is legitimate and
you forgot something else, as in `\hbox{$x}'. In such cases
the way to recover is to insert both the forgotten and the
deleted material, e.g., by typing `I$}'.

! Undefined control sequence.
<argument> \hyperlink 
                      {structalooWidget}{aloo\+Widget}
l.24 ...hyperlink{structalooWidget}{aloo\+Widget}}
                                                   $\ast$box, Gtk\+Orientati...
The control sequence at the end of the top line
of your error message was never \def'ed. If you have
misspelled it (e.g., `\hobx'), type `I' and the correct
spelling (e.g., `I\hbox'). Otherwise just continue,
and I'll forget about whatever was undefined.

Missing character: There is no s in font nullfont!
Missing character: There is no t in font nullfont!
Missing character: There is no r in font nullfont!
Missing character: There is no u in font nullfont!
Missing character: There is no c in font nullfont!
Missing character: There is no t in font nullfont!
Missing character: There is no a in font nullfont!
Missing character: There is no l in font nullfont!
Missing character: There is no o in font nullfont!
Missing character: There is no o in font nullfont!
Missing character: There is no W in font nullfont!
Missing character: There is no i in font nullfont!
Missing character: There is no d in font nullfont!
Missing character: There is no g in font nullfont!
Missing character: There is no e in font nullfont!
Missing character: There is no t in font nullfont!
Missing character: There is no a in font nullfont!
Missing character: There is no l in font nullfont!
Missing character: There is no o in font nullfont!
Missing character: There is no o in font nullfont!
! Undefined control sequence.
<argument> \hyperlink {structalooWidget}{aloo\+
                                               Widget}
l.24 ...hyperlink{structalooWidget}{aloo\+Widget}}
                                                   $\ast$box, Gtk\+Orientati...
The control sequence at the end of the top line
of your error message was never \def'ed. If you have
misspelled it (e.g., `\hobx'), type `I' and the correct
spelling (e.g., `I\hbox'). Otherwise just continue,
and I'll forget about whatever was undefined.

Missing character: There is no W in font nullfont!
Missing character: There is no i in font nullfont!
Missing character: There is no d in font nullfont!
Missing character: There is no g in font nullfont!
Missing character: There is no e in font nullfont!
Missing character: There is no t in font nullfont!
! Missing $ inserted.
<inserted text> 
                $
l.24 ...ink{structalooWidget}{aloo\+Widget}} $\ast
                                                  $box, Gtk\+Orientation ori...
I've inserted a begin-math/end-math symbol since I think
you left one out. Proceed, with fingers crossed.

Missing character: There is no b in font nullfont!
Missing character: There is no o in font nullfont!
Missing character: There is no x in font nullfont!
Missing character: There is no , in font nullfont!
Missing character: There is no G in font nullfont!
Missing character: There is no t in font nullfont!
Missing character: There is no k in font nullfont!
! Undefined control sequence.
l.24 ...looWidget}{aloo\+Widget}} $\ast$box, Gtk\+
                                                  Orientation orientation)
The control sequence at the end of the top line
of your error message was never \def'ed. If you have
misspelled it (e.g., `\hobx'), type `I' and the correct
spelling (e.g., `I\hbox'). Otherwise just continue,
and I'll forget about whatever was undefined.

Missing character: There is no O in font nullfont!
Missing character: There is no r in font nullfont!
Missing character: There is no i in font nullfont!
Missing character: There is no e in font nullfont!
Missing character: There is no n in font nullfont!
Missing character: There is no t in font nullfont!
Missing character: There is no a in font nullfont!
Missing character: There is no t in font nullfont!
Missing character: There is no i in font nullfont!
Missing character: There is no o in font nullfont!
Missing character: There is no n in font nullfont!
Missing character: There is no o in font nullfont!
Missing character: There is no r in font nullfont!
Missing character: There is no i in font nullfont!
Missing character: There is no e in font nullfont!
Missing character: There is no n in font nullfont!
Missing character: There is no t in font nullfont!
Missing character: There is no a in font nullfont!
Missing character: There is no t in font nullfont!
Missing character: There is no i in font nullfont!
Missing character: There is no o in font nullfont!
Missing character: There is no n in font nullfont!
Missing character: There is no ) in font nullfont!

! LaTeX Error: Something's wrong--perhaps a missing \item.

See the LaTeX manual or LaTeX Companion for explanation.
Type  H <return>  for immediate help.
 ...                                              
                                                  
l.26 t
      ypedef Gtk\+Orientation($\ast$ \mbox{\hyperlink{box_8h_a9eacf50fda9d16...

Try typing  <return>  to proceed.
If that doesn't work, type  X <return>  to quit.


! LaTeX Error: Something's wrong--perhaps a missing \item.

See the LaTeX manual or LaTeX Companion for explanation.
Type  H <return>  for immediate help.
 ...                                              
                                                  
l.26 t
      ypedef Gtk\+Orientation($\ast$ \mbox{\hyperlink{box_8h_a9eacf50fda9d16...

Try typing  <return>  to proceed.
If that doesn't work, type  X <return>  to quit.


! LaTeX Error: Lonely \item--perhaps a missing list environment.

See the LaTeX manual or LaTeX Companion for explanation.
Type  H <return>  for immediate help.
 ...                                              
                                                  
l.26 t
      ypedef Gtk\+Orientation($\ast$ \mbox{\hyperlink{box_8h_a9eacf50fda9d16...

Try typing  <return>  to proceed.
If that doesn't work, type  X <return>  to quit.

Missing character: There is no t in font nullfont!
Missing character: There is no y in font nullfont!
Missing character: There is no p in font nullfont!
Missing character: There is no e in font nullfont!
Missing character: There is no d in font nullfont!
Missing character: There is no e in font nullfont!
Missing character: There is no f in font nullfont!
Missing character: There is no G in font nullfont!
Missing character: There is no t in font nullfont!
Missing character: There is no k in font nullfont!
! Undefined control sequence.
l.26 typedef Gtk\+
                  Orientation($\ast$ \mbox{\hyperlink{box_8h_a9eacf50fda9d16...
The control sequence at the end of the top line
of your error message was never \def'ed. If you have
misspelled it (e.g., `\hobx'), type `I' and the correct
spelling (e.g., `I\hbox'). Otherwise just continue,
and I'll forget about whatever was undefined.

Missing character: There is no O in font nullfont!
Missing character: There is no r in font nullfont!
Missing character: There is no i in font nullfont!
Missing character: There is no e in font nullfont!
Missing character: There is no n in font nullfont!
Missing character: There is no t in font nullfont!
Missing character: There is no a in font nullfont!
Missing character: There is no t in font nullfont!
Missing character: There is no i in font nullfont!
Missing character: There is no o in font nullfont!
Missing character: There is no n in font nullfont!
Missing character: There is no ( in font nullfont!
! Undefined control sequence.
<argument> \hyperlink 
                      {box_8h_a9eacf50fda9d1689ffe2c6d7e5d9ee88}{\+\_\+\+\_\...
l.26 ...+\+\_\+get\+Box\+Orientation\+\_\+\+Type}}
                                                  ) (\mbox{\hyperlink{struct...
The control sequence at the end of the top line
of your error message was never \def'ed. If you have
misspelled it (e.g., `\hobx'), type `I' and the correct
spelling (e.g., `I\hbox'). Otherwise just continue,
and I'll forget about whatever was undefined.

Missing character: There is no b in font nullfont!
Missing character: There is no o in font nullfont!
Missing character: There is no x in font nullfont!
! Missing $ inserted.
<inserted text> 
                $
l.26 ...+\+\_\+get\+Box\+Orientation\+\_\+\+Type}}
                                                  ) (\mbox{\hyperlink{struct...
I've inserted a begin-math/end-math symbol since I think
you left one out. Proceed, with fingers crossed.

! Extra }, or forgotten $.
<argument> ...h_a9eacf50fda9d1689ffe2c6d7e5d9ee88}
                                                  {\+\_\+\+\_\+get\+Box\+Ori...
l.26 ...+\+\_\+get\+Box\+Orientation\+\_\+\+Type}}
                                                  ) (\mbox{\hyperlink{struct...
I've deleted a group-closing symbol because it seems to be
spurious, as in `$x}$'. But perhaps the } is legitimate and
you forgot something else, as in `\hbox{$x}'. In such cases
the way to recover is to insert both the forgotten and the
deleted material, e.g., by typing `I$}'.

! Undefined control sequence.
<argument> ...9eacf50fda9d1689ffe2c6d7e5d9ee88}{\+
                                                  \_\+\+\_\+get\+Box\+Orient...
l.26 ...+\+\_\+get\+Box\+Orientation\+\_\+\+Type}}
                                                  ) (\mbox{\hyperlink{struct...
The control sequence at the end of the top line
of your error message was never \def'ed. If you have
misspelled it (e.g., `\hobx'), type `I' and the correct
spelling (e.g., `I\hbox'). Otherwise just continue,
and I'll forget about whatever was undefined.

! Undefined control sequence.
<argument> ...f50fda9d1689ffe2c6d7e5d9ee88}{\+\_\+
                                                  \+\_\+get\+Box\+Orientatio...
l.26 ...+\+\_\+get\+Box\+Orientation\+\_\+\+Type}}
                                                  ) (\mbox{\hyperlink{struct...
The control sequence at the end of the top line
of your error message was never \def'ed. If you have
misspelled it (e.g., `\hobx'), type `I' and the correct
spelling (e.g., `I\hbox'). Otherwise just continue,
and I'll forget about whatever was undefined.

! Undefined control sequence.
<argument> ...0fda9d1689ffe2c6d7e5d9ee88}{\+\_\+\+
                                                  \_\+get\+Box\+Orientation\...
l.26 ...+\+\_\+get\+Box\+Orientation\+\_\+\+Type}}
                                                  ) (\mbox{\hyperlink{struct...
The control sequence at the end of the top line
of your error message was never \def'ed. If you have
misspelled it (e.g., `\hobx'), type `I' and the correct
spelling (e.g., `I\hbox'). Otherwise just continue,
and I'll forget about whatever was undefined.

! Undefined control sequence.
<argument> ...9d1689ffe2c6d7e5d9ee88}{\+\_\+\+\_\+
                                                  get\+Box\+Orientation\+\_\...
l.26 ...+\+\_\+get\+Box\+Orientation\+\_\+\+Type}}
                                                  ) (\mbox{\hyperlink{struct...
The control sequence at the end of the top line
of your error message was never \def'ed. If you have
misspelled it (e.g., `\hobx'), type `I' and the correct
spelling (e.g., `I\hbox'). Otherwise just continue,
and I'll forget about whatever was undefined.

! Undefined control sequence.
<argument> ...9ffe2c6d7e5d9ee88}{\+\_\+\+\_\+get\+
                                                  Box\+Orientation\+\_\+\+Type}
l.26 ...+\+\_\+get\+Box\+Orientation\+\_\+\+Type}}
                                                  ) (\mbox{\hyperlink{struct...
The control sequence at the end of the top line
of your error message was never \def'ed. If you have
misspelled it (e.g., `\hobx'), type `I' and the correct
spelling (e.g., `I\hbox'). Otherwise just continue,
and I'll forget about whatever was undefined.

! Undefined control sequence.
<argument> ...c6d7e5d9ee88}{\+\_\+\+\_\+get\+Box\+
                                                  Orientation\+\_\+\+Type}
l.26 ...+\+\_\+get\+Box\+Orientation\+\_\+\+Type}}
                                                  ) (\mbox{\hyperlink{struct...
The control sequence at the end of the top line
of your error message was never \def'ed. If you have
misspelled it (e.g., `\hobx'), type `I' and the correct
spelling (e.g., `I\hbox'). Otherwise just continue,
and I'll forget about whatever was undefined.

! Undefined control sequence.
<argument> ...{\+\_\+\+\_\+get\+Box\+Orientation\+
                                                  \_\+\+Type}
l.26 ...+\+\_\+get\+Box\+Orientation\+\_\+\+Type}}
                                                  ) (\mbox{\hyperlink{struct...
The control sequence at the end of the top line
of your error message was never \def'ed. If you have
misspelled it (e.g., `\hobx'), type `I' and the correct
spelling (e.g., `I\hbox'). Otherwise just continue,
and I'll forget about whatever was undefined.

! Undefined control sequence.
<argument> ..._\+\+\_\+get\+Box\+Orientation\+\_\+
                                                  \+Type}
l.26 ...+\+\_\+get\+Box\+Orientation\+\_\+\+Type}}
                                                  ) (\mbox{\hyperlink{struct...
The control sequence at the end of the top line
of your error message was never \def'ed. If you have
misspelled it (e.g., `\hobx'), type `I' and the correct
spelling (e.g., `I\hbox'). Otherwise just continue,
and I'll forget about whatever was undefined.

! Undefined control sequence.
<argument> ...+\+\_\+get\+Box\+Orientation\+\_\+\+
                                                  Type}
l.26 ...+\+\_\+get\+Box\+Orientation\+\_\+\+Type}}
                                                  ) (\mbox{\hyperlink{struct...
The control sequence at the end of the top line
of your error message was never \def'ed. If you have
misspelled it (e.g., `\hobx'), type `I' and the correct
spelling (e.g., `I\hbox'). Otherwise just continue,
and I'll forget about whatever was undefined.

! Extra }, or forgotten $.
\mbox  #1->\leavevmode \hbox {#1}
                                 
l.26 ...+\+\_\+get\+Box\+Orientation\+\_\+\+Type}}
                                                  ) (\mbox{\hyperlink{struct...
I've deleted a group-closing symbol because it seems to be
spurious, as in `$x}$'. But perhaps the } is legitimate and
you forgot something else, as in `\hbox{$x}'. In such cases
the way to recover is to insert both the forgotten and the
deleted material, e.g., by typing `I$}'.

! Undefined control sequence.
<argument> \hyperlink 
                      {structalooWidget}{aloo\+Widget}
l.26 ...hyperlink{structalooWidget}{aloo\+Widget}}
                                                   $\ast$box)
The control sequence at the end of the top line
of your error message was never \def'ed. If you have
misspelled it (e.g., `\hobx'), type `I' and the correct
spelling (e.g., `I\hbox'). Otherwise just continue,
and I'll forget about whatever was undefined.

Missing character: There is no s in font nullfont!
Missing character: There is no t in font nullfont!
Missing character: There is no r in font nullfont!
Missing character: There is no u in font nullfont!
Missing character: There is no c in font nullfont!
Missing character: There is no t in font nullfont!
Missing character: There is no a in font nullfont!
Missing character: There is no l in font nullfont!
Missing character: There is no o in font nullfont!
Missing character: There is no o in font nullfont!
Missing character: There is no W in font nullfont!
Missing character: There is no i in font nullfont!
Missing character: There is no d in font nullfont!
Missing character: There is no g in font nullfont!
Missing character: There is no e in font nullfont!
Missing character: There is no t in font nullfont!
Missing character: There is no a in font nullfont!
Missing character: There is no l in font nullfont!
Missing character: There is no o in font nullfont!
Missing character: There is no o in font nullfont!
! Undefined control sequence.
<argument> \hyperlink {structalooWidget}{aloo\+
                                               Widget}
l.26 ...hyperlink{structalooWidget}{aloo\+Widget}}
                                                   $\ast$box)
The control sequence at the end of the top line
of your error message was never \def'ed. If you have
misspelled it (e.g., `\hobx'), type `I' and the correct
spelling (e.g., `I\hbox'). Otherwise just continue,
and I'll forget about whatever was undefined.

Missing character: There is no W in font nullfont!
Missing character: There is no i in font nullfont!
Missing character: There is no d in font nullfont!
Missing character: There is no g in font nullfont!
Missing character: There is no e in font nullfont!
Missing character: There is no t in font nullfont!
! Missing $ inserted.
<inserted text> 
                $
l.26 ...ink{structalooWidget}{aloo\+Widget}} $\ast
                                                  $box)
I've inserted a begin-math/end-math symbol since I think
you left one out. Proceed, with fingers crossed.

Missing character: There is no b in font nullfont!
Missing character: There is no o in font nullfont!
Missing character: There is no x in font nullfont!
Missing character: There is no ) in font nullfont!

! LaTeX Error: Something's wrong--perhaps a missing \item.

See the LaTeX manual or LaTeX Companion for explanation.
Type  H <return>  for immediate help.
 ...                                              
                                                  
l.28 t
      ypedef \mbox{\hyperlink{structalooWidget}{aloo\+Widget}} $\ast$($\ast$...

Try typing  <return>  to proceed.
If that doesn't work, type  X <return>  to quit.


! LaTeX Error: Something's wrong--perhaps a missing \item.

See the LaTeX manual or LaTeX Companion for explanation.
Type  H <return>  for immediate help.
 ...                                              
                                                  
l.28 t
      ypedef \mbox{\hyperlink{structalooWidget}{aloo\+Widget}} $\ast$($\ast$...

Try typing  <return>  to proceed.
If that doesn't work, type  X <return>  to quit.


! LaTeX Error: Lonely \item--perhaps a missing list environment.

See the LaTeX manual or LaTeX Companion for explanation.
Type  H <return>  for immediate help.
 ...                                              
                                                  
l.28 t
      ypedef \mbox{\hyperlink{structalooWidget}{aloo\+Widget}} $\ast$($\ast$...

Try typing  <return>  to proceed.
If that doesn't work, type  X <return>  to quit.

Missing character: There is no t in font nullfont!
Missing character: There is no y in font nullfont!
Missing character: There is no p in font nullfont!
Missing character: There is no e in font nullfont!
Missing character: There is no d in font nullfont!
Missing character: There is no e in font nullfont!
Missing character: There is no f in font nullfont!
! Undefined control sequence.
<argument> \hyperlink 
                      {structalooWidget}{aloo\+Widget}
l.28 ...hyperlink{structalooWidget}{aloo\+Widget}}
                                                   $\ast$($\ast$ \mbox{\hype...
The control sequence at the end of the top line
of your error message was never \def'ed. If you have
misspelled it (e.g., `\hobx'), type `I' and the correct
spelling (e.g., `I\hbox'). Otherwise just continue,
and I'll forget about whatever was undefined.

Missing character: There is no s in font nullfont!
Missing character: There is no t in font nullfont!
Missing character: There is no r in font nullfont!
Missing character: There is no u in font nullfont!
Missing character: There is no c in font nullfont!
Missing character: There is no t in font nullfont!
Missing character: There is no a in font nullfont!
Missing character: There is no l in font nullfont!
Missing character: There is no o in font nullfont!
Missing character: There is no o in font nullfont!
Missing character: There is no W in font nullfont!
Missing character: There is no i in font nullfont!
Missing character: There is no d in font nullfont!
Missing character: There is no g in font nullfont!
Missing character: There is no e in font nullfont!
Missing character: There is no t in font nullfont!
Missing character: There is no a in font nullfont!
Missing character: There is no l in font nullfont!
Missing character: There is no o in font nullfont!
Missing character: There is no o in font nullfont!
! Undefined control sequence.
<argument> \hyperlink {structalooWidget}{aloo\+
                                               Widget}
l.28 ...hyperlink{structalooWidget}{aloo\+Widget}}
                                                   $\ast$($\ast$ \mbox{\hype...
The control sequence at the end of the top line
of your error message was never \def'ed. If you have
misspelled it (e.g., `\hobx'), type `I' and the correct
spelling (e.g., `I\hbox'). Otherwise just continue,
and I'll forget about whatever was undefined.

Missing character: There is no W in font nullfont!
Missing character: There is no i in font nullfont!
Missing character: There is no d in font nullfont!
Missing character: There is no g in font nullfont!
Missing character: There is no e in font nullfont!
Missing character: There is no t in font nullfont!
Missing character: There is no ( in font nullfont!
! Undefined control sequence.
<argument> \hyperlink 
                      {box_8h_a1ef179d86c3b9ba81d2564e9a14e23fc}{\+\_\+\+\_\...
l.28 ...\+\_\+\+\_\+box\+Append\+Gtk\+\_\+\+Type}}
                                                  ) (\mbox{\hyperlink{struct...
The control sequence at the end of the top line
of your error message was never \def'ed. If you have
misspelled it (e.g., `\hobx'), type `I' and the correct
spelling (e.g., `I\hbox'). Otherwise just continue,
and I'll forget about whatever was undefined.

Missing character: There is no b in font nullfont!
Missing character: There is no o in font nullfont!
Missing character: There is no x in font nullfont!
! Missing $ inserted.
<inserted text> 
                $
l.28 ...\+\_\+\+\_\+box\+Append\+Gtk\+\_\+\+Type}}
                                                  ) (\mbox{\hyperlink{struct...
I've inserted a begin-math/end-math symbol since I think
you left one out. Proceed, with fingers crossed.

! Extra }, or forgotten $.
<argument> ...h_a1ef179d86c3b9ba81d2564e9a14e23fc}
                                                  {\+\_\+\+\_\+box\+Append\+...
l.28 ...\+\_\+\+\_\+box\+Append\+Gtk\+\_\+\+Type}}
                                                  ) (\mbox{\hyperlink{struct...
I've deleted a group-closing symbol because it seems to be
spurious, as in `$x}$'. But perhaps the } is legitimate and
you forgot something else, as in `\hbox{$x}'. In such cases
the way to recover is to insert both the forgotten and the
deleted material, e.g., by typing `I$}'.

! Undefined control sequence.
<argument> ...1ef179d86c3b9ba81d2564e9a14e23fc}{\+
                                                  \_\+\+\_\+box\+Append\+Gtk...
l.28 ...\+\_\+\+\_\+box\+Append\+Gtk\+\_\+\+Type}}
                                                  ) (\mbox{\hyperlink{struct...
The control sequence at the end of the top line
of your error message was never \def'ed. If you have
misspelled it (e.g., `\hobx'), type `I' and the correct
spelling (e.g., `I\hbox'). Otherwise just continue,
and I'll forget about whatever was undefined.

! Undefined control sequence.
<argument> ...79d86c3b9ba81d2564e9a14e23fc}{\+\_\+
                                                  \+\_\+box\+Append\+Gtk\+\_...
l.28 ...\+\_\+\+\_\+box\+Append\+Gtk\+\_\+\+Type}}
                                                  ) (\mbox{\hyperlink{struct...
The control sequence at the end of the top line
of your error message was never \def'ed. If you have
misspelled it (e.g., `\hobx'), type `I' and the correct
spelling (e.g., `I\hbox'). Otherwise just continue,
and I'll forget about whatever was undefined.

! Undefined control sequence.
<argument> ...d86c3b9ba81d2564e9a14e23fc}{\+\_\+\+
                                                  \_\+box\+Append\+Gtk\+\_\+...
l.28 ...\+\_\+\+\_\+box\+Append\+Gtk\+\_\+\+Type}}
                                                  ) (\mbox{\hyperlink{struct...
The control sequence at the end of the top line
of your error message was never \def'ed. If you have
misspelled it (e.g., `\hobx'), type `I' and the correct
spelling (e.g., `I\hbox'). Otherwise just continue,
and I'll forget about whatever was undefined.

! Undefined control sequence.
<argument> ...3b9ba81d2564e9a14e23fc}{\+\_\+\+\_\+
                                                  box\+Append\+Gtk\+\_\+\+Type}
l.28 ...\+\_\+\+\_\+box\+Append\+Gtk\+\_\+\+Type}}
                                                  ) (\mbox{\hyperlink{struct...
The control sequence at the end of the top line
of your error message was never \def'ed. If you have
misspelled it (e.g., `\hobx'), type `I' and the correct
spelling (e.g., `I\hbox'). Otherwise just continue,
and I'll forget about whatever was undefined.

! Undefined control sequence.
<argument> ...81d2564e9a14e23fc}{\+\_\+\+\_\+box\+
                                                  Append\+Gtk\+\_\+\+Type}
l.28 ...\+\_\+\+\_\+box\+Append\+Gtk\+\_\+\+Type}}
                                                  ) (\mbox{\hyperlink{struct...
The control sequence at the end of the top line
of your error message was never \def'ed. If you have
misspelled it (e.g., `\hobx'), type `I' and the correct
spelling (e.g., `I\hbox'). Otherwise just continue,
and I'll forget about whatever was undefined.

! Undefined control sequence.
<argument> ...9a14e23fc}{\+\_\+\+\_\+box\+Append\+
                                                  Gtk\+\_\+\+Type}
l.28 ...\+\_\+\+\_\+box\+Append\+Gtk\+\_\+\+Type}}
                                                  ) (\mbox{\hyperlink{struct...
The control sequence at the end of the top line
of your error message was never \def'ed. If you have
misspelled it (e.g., `\hobx'), type `I' and the correct
spelling (e.g., `I\hbox'). Otherwise just continue,
and I'll forget about whatever was undefined.

! Undefined control sequence.
<argument> ...23fc}{\+\_\+\+\_\+box\+Append\+Gtk\+
                                                  \_\+\+Type}
l.28 ...\+\_\+\+\_\+box\+Append\+Gtk\+\_\+\+Type}}
                                                  ) (\mbox{\hyperlink{struct...
The control sequence at the end of the top line
of your error message was never \def'ed. If you have
misspelled it (e.g., `\hobx'), type `I' and the correct
spelling (e.g., `I\hbox'). Otherwise just continue,
and I'll forget about whatever was undefined.

! Undefined control sequence.
<argument> ...}{\+\_\+\+\_\+box\+Append\+Gtk\+\_\+
                                                  \+Type}
l.28 ...\+\_\+\+\_\+box\+Append\+Gtk\+\_\+\+Type}}
                                                  ) (\mbox{\hyperlink{struct...
The control sequence at the end of the top line
of your error message was never \def'ed. If you have
misspelled it (e.g., `\hobx'), type `I' and the correct
spelling (e.g., `I\hbox'). Otherwise just continue,
and I'll forget about whatever was undefined.

! Undefined control sequence.
<argument> ...\+\_\+\+\_\+box\+Append\+Gtk\+\_\+\+
                                                  Type}
l.28 ...\+\_\+\+\_\+box\+Append\+Gtk\+\_\+\+Type}}
                                                  ) (\mbox{\hyperlink{struct...
The control sequence at the end of the top line
of your error message was never \def'ed. If you have
misspelled it (e.g., `\hobx'), type `I' and the correct
spelling (e.g., `I\hbox'). Otherwise just continue,
and I'll forget about whatever was undefined.

! Extra }, or forgotten $.
\mbox  #1->\leavevmode \hbox {#1}
                                 
l.28 ...\+\_\+\+\_\+box\+Append\+Gtk\+\_\+\+Type}}
                                                  ) (\mbox{\hyperlink{struct...
I've deleted a group-closing symbol because it seems to be
spurious, as in `$x}$'. But perhaps the } is legitimate and
you forgot something else, as in `\hbox{$x}'. In such cases
the way to recover is to insert both the forgotten and the
deleted material, e.g., by typing `I$}'.

! Undefined control sequence.
<argument> \hyperlink 
                      {structalooWidget}{aloo\+Widget}
l.28 ...hyperlink{structalooWidget}{aloo\+Widget}}
                                                   $\ast$box, Gtk\+Widget $\...
The control sequence at the end of the top line
of your error message was never \def'ed. If you have
misspelled it (e.g., `\hobx'), type `I' and the correct
spelling (e.g., `I\hbox'). Otherwise just continue,
and I'll forget about whatever was undefined.

Missing character: There is no s in font nullfont!
Missing character: There is no t in font nullfont!
Missing character: There is no r in font nullfont!
Missing character: There is no u in font nullfont!
Missing character: There is no c in font nullfont!
Missing character: There is no t in font nullfont!
Missing character: There is no a in font nullfont!
Missing character: There is no l in font nullfont!
Missing character: There is no o in font nullfont!
Missing character: There is no o in font nullfont!
Missing character: There is no W in font nullfont!
Missing character: There is no i in font nullfont!
Missing character: There is no d in font nullfont!
Missing character: There is no g in font nullfont!
Missing character: There is no e in font nullfont!
Missing character: There is no t in font nullfont!
Missing character: There is no a in font nullfont!
Missing character: There is no l in font nullfont!
Missing character: There is no o in font nullfont!
Missing character: There is no o in font nullfont!
! Undefined control sequence.
<argument> \hyperlink {structalooWidget}{aloo\+
                                               Widget}
l.28 ...hyperlink{structalooWidget}{aloo\+Widget}}
                                                   $\ast$box, Gtk\+Widget $\...
The control sequence at the end of the top line
of your error message was never \def'ed. If you have
misspelled it (e.g., `\hobx'), type `I' and the correct
spelling (e.g., `I\hbox'). Otherwise just continue,
and I'll forget about whatever was undefined.

Missing character: There is no W in font nullfont!
Missing character: There is no i in font nullfont!
Missing character: There is no d in font nullfont!
Missing character: There is no g in font nullfont!
Missing character: There is no e in font nullfont!
Missing character: There is no t in font nullfont!
! Missing $ inserted.
<inserted text> 
                $
l.28 ...ink{structalooWidget}{aloo\+Widget}} $\ast
                                                  $box, Gtk\+Widget $\ast$wi...
I've inserted a begin-math/end-math symbol since I think
you left one out. Proceed, with fingers crossed.

Missing character: There is no b in font nullfont!
Missing character: There is no o in font nullfont!
Missing character: There is no x in font nullfont!
Missing character: There is no , in font nullfont!
Missing character: There is no G in font nullfont!
Missing character: There is no t in font nullfont!
Missing character: There is no k in font nullfont!
! Undefined control sequence.
l.28 ...looWidget}{aloo\+Widget}} $\ast$box, Gtk\+
                                                  Widget $\ast$widget)
The control sequence at the end of the top line
of your error message was never \def'ed. If you have
misspelled it (e.g., `\hobx'), type `I' and the correct
spelling (e.g., `I\hbox'). Otherwise just continue,
and I'll forget about whatever was undefined.

Missing character: There is no W in font nullfont!
Missing character: There is no i in font nullfont!
Missing character: There is no d in font nullfont!
Missing character: There is no g in font nullfont!
Missing character: There is no e in font nullfont!
Missing character: There is no t in font nullfont!
Missing character: There is no w in font nullfont!
Missing character: There is no i in font nullfont!
Missing character: There is no d in font nullfont!
Missing character: There is no g in font nullfont!
Missing character: There is no e in font nullfont!
Missing character: There is no t in font nullfont!
Missing character: There is no ) in font nullfont!

! LaTeX Error: Something's wrong--perhaps a missing \item.

See the LaTeX manual or LaTeX Companion for explanation.
Type  H <return>  for immediate help.
 ...                                              
                                                  
l.30 t
      ypedef \mbox{\hyperlink{structalooWidget}{aloo\+Widget}} $\ast$($\ast$...

Try typing  <return>  to proceed.
If that doesn't work, type  X <return>  to quit.


! LaTeX Error: Something's wrong--perhaps a missing \item.

See the LaTeX manual or LaTeX Companion for explanation.
Type  H <return>  for immediate help.
 ...                                              
                                                  
l.30 t
      ypedef \mbox{\hyperlink{structalooWidget}{aloo\+Widget}} $\ast$($\ast$...

Try typing  <return>  to proceed.
If that doesn't work, type  X <return>  to quit.


! LaTeX Error: Lonely \item--perhaps a missing list environment.

See the LaTeX manual or LaTeX Companion for explanation.
Type  H <return>  for immediate help.
 ...                                              
                                                  
l.30 t
      ypedef \mbox{\hyperlink{structalooWidget}{aloo\+Widget}} $\ast$($\ast$...

Try typing  <return>  to proceed.
If that doesn't work, type  X <return>  to quit.

Missing character: There is no t in font nullfont!
Missing character: There is no y in font nullfont!
Missing character: There is no p in font nullfont!
Missing character: There is no e in font nullfont!
Missing character: There is no d in font nullfont!
Missing character: There is no e in font nullfont!
Missing character: There is no f in font nullfont!
! Undefined control sequence.
<argument> \hyperlink 
                      {structalooWidget}{aloo\+Widget}
l.30 ...hyperlink{structalooWidget}{aloo\+Widget}}
                                                   $\ast$($\ast$ \mbox{\hype...
The control sequence at the end of the top line
of your error message was never \def'ed. If you have
misspelled it (e.g., `\hobx'), type `I' and the correct
spelling (e.g., `I\hbox'). Otherwise just continue,
and I'll forget about whatever was undefined.

Missing character: There is no s in font nullfont!
Missing character: There is no t in font nullfont!
Missing character: There is no r in font nullfont!
Missing character: There is no u in font nullfont!
Missing character: There is no c in font nullfont!
Missing character: There is no t in font nullfont!
Missing character: There is no a in font nullfont!
Missing character: There is no l in font nullfont!
Missing character: There is no o in font nullfont!
Missing character: There is no o in font nullfont!
Missing character: There is no W in font nullfont!
Missing character: There is no i in font nullfont!
Missing character: There is no d in font nullfont!
Missing character: There is no g in font nullfont!
Missing character: There is no e in font nullfont!
Missing character: There is no t in font nullfont!
Missing character: There is no a in font nullfont!
Missing character: There is no l in font nullfont!
Missing character: There is no o in font nullfont!
Missing character: There is no o in font nullfont!
! Undefined control sequence.
<argument> \hyperlink {structalooWidget}{aloo\+
                                               Widget}
l.30 ...hyperlink{structalooWidget}{aloo\+Widget}}
                                                   $\ast$($\ast$ \mbox{\hype...
The control sequence at the end of the top line
of your error message was never \def'ed. If you have
misspelled it (e.g., `\hobx'), type `I' and the correct
spelling (e.g., `I\hbox'). Otherwise just continue,
and I'll forget about whatever was undefined.

Missing character: There is no W in font nullfont!
Missing character: There is no i in font nullfont!
Missing character: There is no d in font nullfont!
Missing character: There is no g in font nullfont!
Missing character: There is no e in font nullfont!
Missing character: There is no t in font nullfont!
Missing character: There is no ( in font nullfont!
! Undefined control sequence.
<argument> \hyperlink 
                      {box_8h_a62c964b5e1942f3ceaee4675a77f24fc}{\+\_\+\+\_\...
l.30 ...+\_\+\+\_\+box\+Prepend\+Gtk\+\_\+\+Type}}
                                                  ) (\mbox{\hyperlink{struct...
The control sequence at the end of the top line
of your error message was never \def'ed. If you have
misspelled it (e.g., `\hobx'), type `I' and the correct
spelling (e.g., `I\hbox'). Otherwise just continue,
and I'll forget about whatever was undefined.

Missing character: There is no b in font nullfont!
Missing character: There is no o in font nullfont!
Missing character: There is no x in font nullfont!
! Missing $ inserted.
<inserted text> 
                $
l.30 ...+\_\+\+\_\+box\+Prepend\+Gtk\+\_\+\+Type}}
                                                  ) (\mbox{\hyperlink{struct...
I've inserted a begin-math/end-math symbol since I think
you left one out. Proceed, with fingers crossed.

! Extra }, or forgotten $.
<argument> ...h_a62c964b5e1942f3ceaee4675a77f24fc}
                                                  {\+\_\+\+\_\+box\+Prepend\...
l.30 ...+\_\+\+\_\+box\+Prepend\+Gtk\+\_\+\+Type}}
                                                  ) (\mbox{\hyperlink{struct...
I've deleted a group-closing symbol because it seems to be
spurious, as in `$x}$'. But perhaps the } is legitimate and
you forgot something else, as in `\hbox{$x}'. In such cases
the way to recover is to insert both the forgotten and the
deleted material, e.g., by typing `I$}'.

! Undefined control sequence.
<argument> ...62c964b5e1942f3ceaee4675a77f24fc}{\+
                                                  \_\+\+\_\+box\+Prepend\+Gt...
l.30 ...+\_\+\+\_\+box\+Prepend\+Gtk\+\_\+\+Type}}
                                                  ) (\mbox{\hyperlink{struct...
The control sequence at the end of the top line
of your error message was never \def'ed. If you have
misspelled it (e.g., `\hobx'), type `I' and the correct
spelling (e.g., `I\hbox'). Otherwise just continue,
and I'll forget about whatever was undefined.

! Undefined control sequence.
<argument> ...64b5e1942f3ceaee4675a77f24fc}{\+\_\+
                                                  \+\_\+box\+Prepend\+Gtk\+\...
l.30 ...+\_\+\+\_\+box\+Prepend\+Gtk\+\_\+\+Type}}
                                                  ) (\mbox{\hyperlink{struct...
The control sequence at the end of the top line
of your error message was never \def'ed. If you have
misspelled it (e.g., `\hobx'), type `I' and the correct
spelling (e.g., `I\hbox'). Otherwise just continue,
and I'll forget about whatever was undefined.

! Undefined control sequence.
<argument> ...b5e1942f3ceaee4675a77f24fc}{\+\_\+\+
                                                  \_\+box\+Prepend\+Gtk\+\_\...
l.30 ...+\_\+\+\_\+box\+Prepend\+Gtk\+\_\+\+Type}}
                                                  ) (\mbox{\hyperlink{struct...
The control sequence at the end of the top line
of your error message was never \def'ed. If you have
misspelled it (e.g., `\hobx'), type `I' and the correct
spelling (e.g., `I\hbox'). Otherwise just continue,
and I'll forget about whatever was undefined.

! Undefined control sequence.
<argument> ...942f3ceaee4675a77f24fc}{\+\_\+\+\_\+
                                                  box\+Prepend\+Gtk\+\_\+\+T...
l.30 ...+\_\+\+\_\+box\+Prepend\+Gtk\+\_\+\+Type}}
                                                  ) (\mbox{\hyperlink{struct...
The control sequence at the end of the top line
of your error message was never \def'ed. If you have
misspelled it (e.g., `\hobx'), type `I' and the correct
spelling (e.g., `I\hbox'). Otherwise just continue,
and I'll forget about whatever was undefined.

! Undefined control sequence.
<argument> ...ceaee4675a77f24fc}{\+\_\+\+\_\+box\+
                                                  Prepend\+Gtk\+\_\+\+Type}
l.30 ...+\_\+\+\_\+box\+Prepend\+Gtk\+\_\+\+Type}}
                                                  ) (\mbox{\hyperlink{struct...
The control sequence at the end of the top line
of your error message was never \def'ed. If you have
misspelled it (e.g., `\hobx'), type `I' and the correct
spelling (e.g., `I\hbox'). Otherwise just continue,
and I'll forget about whatever was undefined.

! Undefined control sequence.
<argument> ...a77f24fc}{\+\_\+\+\_\+box\+Prepend\+
                                                  Gtk\+\_\+\+Type}
l.30 ...+\_\+\+\_\+box\+Prepend\+Gtk\+\_\+\+Type}}
                                                  ) (\mbox{\hyperlink{struct...
The control sequence at the end of the top line
of your error message was never \def'ed. If you have
misspelled it (e.g., `\hobx'), type `I' and the correct
spelling (e.g., `I\hbox'). Otherwise just continue,
and I'll forget about whatever was undefined.

! Undefined control sequence.
<argument> ...4fc}{\+\_\+\+\_\+box\+Prepend\+Gtk\+
                                                  \_\+\+Type}
l.30 ...+\_\+\+\_\+box\+Prepend\+Gtk\+\_\+\+Type}}
                                                  ) (\mbox{\hyperlink{struct...
The control sequence at the end of the top line
of your error message was never \def'ed. If you have
misspelled it (e.g., `\hobx'), type `I' and the correct
spelling (e.g., `I\hbox'). Otherwise just continue,
and I'll forget about whatever was undefined.

! Undefined control sequence.
<argument> ...{\+\_\+\+\_\+box\+Prepend\+Gtk\+\_\+
                                                  \+Type}
l.30 ...+\_\+\+\_\+box\+Prepend\+Gtk\+\_\+\+Type}}
                                                  ) (\mbox{\hyperlink{struct...
The control sequence at the end of the top line
of your error message was never \def'ed. If you have
misspelled it (e.g., `\hobx'), type `I' and the correct
spelling (e.g., `I\hbox'). Otherwise just continue,
and I'll forget about whatever was undefined.

! Undefined control sequence.
<argument> ...+\_\+\+\_\+box\+Prepend\+Gtk\+\_\+\+
                                                  Type}
l.30 ...+\_\+\+\_\+box\+Prepend\+Gtk\+\_\+\+Type}}
                                                  ) (\mbox{\hyperlink{struct...
The control sequence at the end of the top line
of your error message was never \def'ed. If you have
misspelled it (e.g., `\hobx'), type `I' and the correct
spelling (e.g., `I\hbox'). Otherwise just continue,
and I'll forget about whatever was undefined.

! Extra }, or forgotten $.
\mbox  #1->\leavevmode \hbox {#1}
                                 
l.30 ...+\_\+\+\_\+box\+Prepend\+Gtk\+\_\+\+Type}}
                                                  ) (\mbox{\hyperlink{struct...
I've deleted a group-closing symbol because it seems to be
spurious, as in `$x}$'. But perhaps the } is legitimate and
you forgot something else, as in `\hbox{$x}'. In such cases
the way to recover is to insert both the forgotten and the
deleted material, e.g., by typing `I$}'.

! Undefined control sequence.
<argument> \hyperlink 
                      {structalooWidget}{aloo\+Widget}
l.30 ...hyperlink{structalooWidget}{aloo\+Widget}}
                                                   $\ast$box, Gtk\+Widget $\...
The control sequence at the end of the top line
of your error message was never \def'ed. If you have
misspelled it (e.g., `\hobx'), type `I' and the correct
spelling (e.g., `I\hbox'). Otherwise just continue,
and I'll forget about whatever was undefined.

Missing character: There is no s in font nullfont!
Missing character: There is no t in font nullfont!
Missing character: There is no r in font nullfont!
Missing character: There is no u in font nullfont!
Missing character: There is no c in font nullfont!
Missing character: There is no t in font nullfont!
Missing character: There is no a in font nullfont!
Missing character: There is no l in font nullfont!
Missing character: There is no o in font nullfont!
Missing character: There is no o in font nullfont!
Missing character: There is no W in font nullfont!
Missing character: There is no i in font nullfont!
Missing character: There is no d in font nullfont!
Missing character: There is no g in font nullfont!
Missing character: There is no e in font nullfont!
Missing character: There is no t in font nullfont!
Missing character: There is no a in font nullfont!
Missing character: There is no l in font nullfont!
Missing character: There is no o in font nullfont!
Missing character: There is no o in font nullfont!
! Undefined control sequence.
<argument> \hyperlink {structalooWidget}{aloo\+
                                               Widget}
l.30 ...hyperlink{structalooWidget}{aloo\+Widget}}
                                                   $\ast$box, Gtk\+Widget $\...
(That makes 100 errors; please try again.) 
Here is how much of TeX's memory you used:
 25 strings out of 480248
 501 string characters out of 5896177
 285955 words of memory out of 5000000
 18068 multiletter control sequences out of 15000+600000
 469427 words of font info for 29 fonts, out of 8000000 for 9000
 14 hyphenation exceptions out of 8191
 18i,10n,12p,300b,133s stack positions out of 5000i,500n,10000p,200000b,80000s

No pages of output.
